<?xml version="1.0" encoding="UTF-8"?>
<!-- Generated by org.testng.reporters.JUnitXMLReporter -->
<testsuite ignored="0" hostname="inbl01lap04326" failures="0" tests="5" name="Default test" time="2.78" errors="0" timestamp="2021-06-01T12:53:23 IST">
  <testcase classname="apiTest.ValidatecomplexJson" name="getCountOfCourses" time="2.43"/>
  <testcase classname="apiTest.ValidatecomplexJson" name="getPurchaseAmount" time="0.027"/>
  <testcase classname="apiTest.ValidatecomplexJson" name="getTitleOfFirstCourse" time="0.081"/>
  <testcase classname="apiTest.ValidatecomplexJson" name="getCourseTitleAndPrice" time="0.13"/>
  <testcase classname="apiTest.ValidatecomplexJson" name="getNumOfCopiesSoldRPA" time="0.054"/>
</testsuite> <!-- Default test -->
