<?xml version="1.0" encoding="UTF-8"?>
<!-- Generated by org.testng.reporters.JUnitXMLReporter -->
<testsuite ignored="0" hostname="inbl01lap04326" failures="0" tests="11" name="apiTest" time="19.854" errors="0" timestamp="2021-05-31T15:53:01 IST">
  <testcase classname="apiTest.GoogleLocationPayload" name="addplacePayload" time="2.639"/>
  <testcase classname="apiTest.GoogleLocationPayload" name="validateAddplaceResponse" time="0.496"/>
  <testcase classname="apiTest.GoogleLocationPayload" name="verifyGetplaceWithValidPlaceID" time="2.933"/>
  <testcase classname="apiTest.GoogleLocationPayload" name="verifyGetplaceWithInvalidPlaceID" time="2.233"/>
  <testcase classname="apiTest.ValidateAddApiUsingExcel" name="verifyAddAPIUsingExcelFile" time="0.001"/>
  <testcase classname="apiTest.ValidateAddApiUsingTextFile" name="verifyAddAPIUsingTextFile" time="0.653"/>
  <testcase classname="apiTest.ValidateAddUpdateGetDeleteAPI" name="addPlaceUsingJsonFile" time="0.632"/>
  <testcase classname="apiTest.ValidateAddUpdateGetDeleteAPI" name="updatePlaceApi" time="2.883"/>
  <testcase classname="apiTest.ValidateAddUpdateGetDeleteAPI" name="getUpdatedAddress" time="2.254"/>
  <testcase classname="apiTest.ValidateAddUpdateGetDeleteAPI" name="deleteplace" time="2.543"/>
  <testcase classname="apiTest.ValidateAddUpdateGetDeleteAPI" name="deleteNonExistPlace" time="2.545"/>
</testsuite> <!-- apiTest -->
