<?xml version="1.0" encoding="UTF-8"?>
<!-- Generated by org.testng.reporters.JUnitXMLReporter -->
<testsuite ignored="0" hostname="inbl01lap04326" failures="0" tests="11" name="Test" time="18.968" errors="0" timestamp="2021-05-31T16:15:47 IST">
  <testcase classname="apiTest.GoogleLocationPayload" name="addplacePayload" time="2.385"/>
  <testcase classname="apiTest.GoogleLocationPayload" name="validateAddplaceResponse" time="0.483"/>
  <testcase classname="apiTest.GoogleLocationPayload" name="verifyGetplaceWithValidPlaceID" time="3.03"/>
  <testcase classname="apiTest.GoogleLocationPayload" name="verifyGetplaceWithInvalidPlaceID" time="2.093"/>
  <testcase classname="apiTest.ValidateAddUpdateGetDeleteAPI" name="addPlaceUsingJsonFile" time="0.621"/>
  <testcase classname="apiTest.ValidateAddUpdateGetDeleteAPI" name="updatePlaceApi" time="2.537"/>
  <testcase classname="apiTest.ValidateAddUpdateGetDeleteAPI" name="getUpdatedAddress" time="2.231"/>
  <testcase classname="apiTest.ValidateAddUpdateGetDeleteAPI" name="deleteplace" time="2.447"/>
  <testcase classname="apiTest.ValidateAddUpdateGetDeleteAPI" name="deleteNonExistPlace" time="2.507"/>
  <testcase classname="apiTest.ValidateAddApiUsingExcel" name="verifyAddAPIUsingExcelFile" time="0.002"/>
  <testcase classname="apiTest.ValidateAddApiUsingTextFile" name="verifyAddAPIUsingTextFile" time="0.584"/>
</testsuite> <!-- Test -->
