<?xml version="1.0" encoding="UTF-8"?>
<!-- Generated by org.testng.reporters.JUnitXMLReporter -->
<testsuite ignored="0" hostname="inbl01lap04326" failures="0" tests="18" name="Test" time="24.437" errors="0" timestamp="2021-06-01T14:32:27 IST">
  <testcase classname="apiTest.GoogleLocationPayload" name="addplacePayload" time="4.573"/>
  <testcase classname="apiTest.GoogleLocationPayload" name="validateAddplaceResponse" time="0.558"/>
  <testcase classname="apiTest.GoogleLocationPayload" name="verifyGetplaceWithValidPlaceID" time="2.898"/>
  <testcase classname="apiTest.GoogleLocationPayload" name="verifyGetplaceWithInvalidPlaceID" time="2.186"/>
  <testcase classname="apiTest.ValidateAddUpdateGetDeleteAPI" name="addPlaceUsingJsonFile" time="0.613"/>
  <testcase classname="apiTest.ValidateAddUpdateGetDeleteAPI" name="updatePlaceApi" time="2.862"/>
  <testcase classname="apiTest.ValidateAddUpdateGetDeleteAPI" name="getUpdatedAddress" time="2.299"/>
  <testcase classname="apiTest.ValidateAddUpdateGetDeleteAPI" name="deleteplace" time="3.155"/>
  <testcase classname="apiTest.ValidateAddUpdateGetDeleteAPI" name="deleteNonExistPlace" time="2.54"/>
  <testcase classname="apiTest.ValidateAddApiUsingExcel" name="verifyAddAPIUsingExcel" time="1.059"/>
  <testcase classname="apiTest.ValidateAddApiUsingExcel" name="verifyAddAPIUsingHashMap" time="0.839"/>
  <testcase classname="apiTest.ValidateAddApiUsingTextFile" name="verifyAddAPIUsingTextFile" time="0.527"/>
  <testcase classname="apiTest.ValidatecomplexJson" name="getCountOfCourses" time="0.01"/>
  <testcase classname="apiTest.ValidatecomplexJson" name="getPurchaseAmount" time="0.012"/>
  <testcase classname="apiTest.ValidatecomplexJson" name="getTitleOfFirstCourse" time="0.039"/>
  <testcase classname="apiTest.ValidatecomplexJson" name="getCourseTitleAndPrice" time="0.059"/>
  <testcase classname="apiTest.ValidatecomplexJson" name="getNumOfCopiesSoldRPA" time="0.027"/>
  <testcase classname="apiTest.ValidatecomplexJson" name="sumOfAllCoursePriceWithPurchseAmount" time="0.118"/>
</testsuite> <!-- Test -->
