<?xml version="1.0" encoding="UTF-8"?>
<!-- Generated by org.testng.reporters.JUnitXMLReporter -->
<testsuite hostname="inbl01lap04326" ignored="0" name="Test" tests="18" failures="1" timestamp="2021-06-01T17:25:53 IST" time="12.159" errors="0">
  <testcase name="getCountOfCourses" time="1.672" classname="apiTest.ValidatecomplexJson"/>
  <testcase name="getPurchaseAmount" time="0.03" classname="apiTest.ValidatecomplexJson"/>
  <testcase name="getTitleOfFirstCourse" time="0.074" classname="apiTest.ValidatecomplexJson"/>
  <testcase name="getCourseTitleAndPrice" time="0.132" classname="apiTest.ValidatecomplexJson"/>
  <testcase name="getNumOfCopiesSoldRPA" time="0.055" classname="apiTest.ValidatecomplexJson"/>
  <testcase name="sumOfAllCoursePriceWithPurchseAmount" time="0.185" classname="apiTest.ValidatecomplexJson"/>
  <testcase name="addplacePayload" time="3.827" classname="apiTest.GoogleLocationPayload"/>
  <testcase name="addPlaceUsingJsonFile" time="3.872" classname="apiTest.ValidateAddUpdateGetDeleteAPI"/>
  <testcase name="verifyAddAPIUsingExcel" time="3.88" classname="apiTest.ValidateAddApiUsingExcel"/>
  <testcase name="verifyAddAPIUsingTextFile" time="3.898" classname="apiTest.ValidateAddApiUsingTextFile"/>
  <testcase name="validateAddplaceResponse" time="0.087" classname="apiTest.GoogleLocationPayload"/>
  <testcase name="verifyAddAPIUsingHashMap" time="1.017" classname="apiTest.ValidateAddApiUsingExcel"/>
  <testcase name="deleteNonExistPlace" time="3.143" classname="apiTest.ValidateAddUpdateGetDeleteAPI"/>
  <testcase name="verifyGetplaceWithValidPlaceID" time="3.119" classname="apiTest.GoogleLocationPayload"/>
  <testcase name="verifyGetplaceWithInvalidPlaceID" time="2.543" classname="apiTest.GoogleLocationPayload"/>
  <testcase name="updatePlaceApi" time="3.011" classname="apiTest.ValidateAddUpdateGetDeleteAPI"/>
  <testcase name="getUpdatedAddress" time="2.079" classname="apiTest.ValidateAddUpdateGetDeleteAPI">
    <failure type="java.lang.AssertionError">
      <![CDATA[java.lang.AssertionError
at org.junit.Assert.fail(Assert.java:87)
at org.junit.Assert.assertTrue(Assert.java:42)
at org.junit.Assert.assertTrue(Assert.java:53)
at apiTest.ValidateAddUpdateGetDeleteAPI.getUpdatedAddress(ValidateAddUpdateGetDeleteAPI.java:60)
at java.util.concurrent.ThreadPoolExecutor.runWorker(ThreadPoolExecutor.java:1149)
at java.util.concurrent.ThreadPoolExecutor$Worker.run(ThreadPoolExecutor.java:624)
at java.lang.Thread.run(Thread.java:748)
... Removed 12 stack frames]]>
    </failure>
  </testcase> <!-- getUpdatedAddress -->
  <testcase name="deleteplace" time="0.0" classname="apiTest.ValidateAddUpdateGetDeleteAPI">
    <skipped/>
  </testcase> <!-- deleteplace -->
</testsuite> <!-- Test -->
