<?xml version="1.0" encoding="UTF-8"?>
<!-- Generated by org.testng.reporters.JUnitXMLReporter -->
<testsuite hostname="inbl01lap04326" ignored="17" name="Test" tests="1" failures="1" timestamp="2021-06-02T17:46:30 IST" time="0.059" errors="0">
  <testcase name="verifyGetplaceWithInvalidPlaceID" time="0.011" classname="apiTest.GoogleLocationPayload">
    <failure type="java.lang.NullPointerException">
      <![CDATA[java.lang.NullPointerException
at apiTest.GoogleLocationPayload.verifyGetplaceWithInvalidPlaceID(GoogleLocationPayload.java:56)
at java.util.ArrayList.forEach(ArrayList.java:1259)
... Removed 31 stack frames]]>
    </failure>
  </testcase> <!-- verifyGetplaceWithInvalidPlaceID -->
  <testcase name="deleteNonExistPlace" time="0.0" classname="apiTest.ValidateAddUpdateGetDeleteAPI">
    <ignored/>
  </testcase> <!-- deleteNonExistPlace -->
  <testcase name="validateAddplaceResponse" time="0.0" classname="apiTest.GoogleLocationPayload">
    <ignored/>
  </testcase> <!-- validateAddplaceResponse -->
  <testcase name="verifyAddAPIUsingExcel" time="0.0" classname="apiTest.ValidateAddApiUsingExcel">
    <ignored/>
  </testcase> <!-- verifyAddAPIUsingExcel -->
  <testcase name="getNumOfCopiesSoldRPA" time="0.0" classname="apiTest.ValidatecomplexJson">
    <ignored/>
  </testcase> <!-- getNumOfCopiesSoldRPA -->
  <testcase name="getPurchaseAmount" time="0.0" classname="apiTest.ValidatecomplexJson">
    <ignored/>
  </testcase> <!-- getPurchaseAmount -->
  <testcase name="verifyAddAPIUsingHashMap" time="0.0" classname="apiTest.ValidateAddApiUsingExcel">
    <ignored/>
  </testcase> <!-- verifyAddAPIUsingHashMap -->
  <testcase name="deleteplace" time="0.0" classname="apiTest.ValidateAddUpdateGetDeleteAPI">
    <ignored/>
  </testcase> <!-- deleteplace -->
  <testcase name="updatePlaceApi" time="0.0" classname="apiTest.ValidateAddUpdateGetDeleteAPI">
    <ignored/>
  </testcase> <!-- updatePlaceApi -->
  <testcase name="addPlaceUsingJsonFile" time="0.0" classname="apiTest.ValidateAddUpdateGetDeleteAPI">
    <ignored/>
  </testcase> <!-- addPlaceUsingJsonFile -->
  <testcase name="getUpdatedAddress" time="0.0" classname="apiTest.ValidateAddUpdateGetDeleteAPI">
    <ignored/>
  </testcase> <!-- getUpdatedAddress -->
  <testcase name="getTitleOfFirstCourse" time="0.0" classname="apiTest.ValidatecomplexJson">
    <ignored/>
  </testcase> <!-- getTitleOfFirstCourse -->
  <testcase name="getCountOfCourses" time="0.0" classname="apiTest.ValidatecomplexJson">
    <ignored/>
  </testcase> <!-- getCountOfCourses -->
  <testcase name="verifyAddAPIUsingTextFile" time="0.0" classname="apiTest.ValidateAddApiUsingTextFile">
    <ignored/>
  </testcase> <!-- verifyAddAPIUsingTextFile -->
  <testcase name="getCourseTitleAndPrice" time="0.0" classname="apiTest.ValidatecomplexJson">
    <ignored/>
  </testcase> <!-- getCourseTitleAndPrice -->
  <testcase name="verifyGetplaceWithValidPlaceID" time="0.0" classname="apiTest.GoogleLocationPayload">
    <ignored/>
  </testcase> <!-- verifyGetplaceWithValidPlaceID -->
  <testcase name="sumOfAllCoursePriceWithPurchseAmount" time="0.0" classname="apiTest.ValidatecomplexJson">
    <ignored/>
  </testcase> <!-- sumOfAllCoursePriceWithPurchseAmount -->
  <testcase name="addplacePayload" time="0.0" classname="apiTest.GoogleLocationPayload">
    <ignored/>
  </testcase> <!-- addplacePayload -->
</testsuite> <!-- Test -->
