-------------------------------------------------------------------------------
Test set: TestSuite
-------------------------------------------------------------------------------
Tests run: 1, Failures: 1, Errors: 0, Skipped: 0, Time elapsed: 2.579 s <<< FAILURE! - in TestSuite
verifyGetplaceWithInvalidPlaceID(apiTest.GoogleLocationPayload)  Time elapsed: 0.017 s  <<< FAILURE!
java.lang.NullPointerException
	at apiTest.GoogleLocationPayload.verifyGetplaceWithInvalidPlaceID(GoogleLocationPayload.java:56)

