<?xml version="1.0" encoding="UTF-8"?>
<testng-results skipped="1" failed="1" ignored="0" total="18" passed="16">
  <reporter-output>
  </reporter-output>
  <suite name="Suite" duration-ms="12159" started-at="2021-06-01T17:25:41 IST" finished-at="2021-06-01T17:25:53 IST">
    <groups>
      <group name="single">
        <method signature="ValidateAddApiUsingTextFile.verifyAddAPIUsingTextFile()[pri:0, instance:apiTest.ValidateAddApiUsingTextFile@48e1f6c7]" name="verifyAddAPIUsingTextFile" class="apiTest.ValidateAddApiUsingTextFile"/>
      </group> <!-- single -->
      <group name="excel">
        <method signature="ValidateAddApiUsingExcel.verifyAddAPIUsingExcel()[pri:0, instance:apiTest.ValidateAddApiUsingExcel@4722ef0c]" name="verifyAddAPIUsingExcel" class="apiTest.ValidateAddApiUsingExcel"/>
      </group> <!-- excel -->
      <group name="parallel">
        <method signature="ValidateAddUpdateGetDeleteAPI.addPlaceUsingJsonFile()[pri:1, instance:apiTest.ValidateAddUpdateGetDeleteAPI@338fc1d8]" name="addPlaceUsingJsonFile" class="apiTest.ValidateAddUpdateGetDeleteAPI"/>
        <method signature="ValidateAddUpdateGetDeleteAPI.deleteNonExistPlace()[pri:4, instance:apiTest.ValidateAddUpdateGetDeleteAPI@338fc1d8]" name="deleteNonExistPlace" class="apiTest.ValidateAddUpdateGetDeleteAPI"/>
        <method signature="ValidateAddUpdateGetDeleteAPI.updatePlaceApi()[pri:2, instance:apiTest.ValidateAddUpdateGetDeleteAPI@338fc1d8]" name="updatePlaceApi" class="apiTest.ValidateAddUpdateGetDeleteAPI"/>
        <method signature="ValidateAddUpdateGetDeleteAPI.getUpdatedAddress()[pri:3, instance:apiTest.ValidateAddUpdateGetDeleteAPI@338fc1d8]" name="getUpdatedAddress" class="apiTest.ValidateAddUpdateGetDeleteAPI"/>
        <method signature="ValidateAddUpdateGetDeleteAPI.deleteplace()[pri:5, instance:apiTest.ValidateAddUpdateGetDeleteAPI@338fc1d8]" name="deleteplace" class="apiTest.ValidateAddUpdateGetDeleteAPI"/>
      </group> <!-- parallel -->
      <group name="complex">
        <method signature="ValidatecomplexJson.getCountOfCourses()[pri:1, instance:apiTest.ValidatecomplexJson@55cb6996]" name="getCountOfCourses" class="apiTest.ValidatecomplexJson"/>
        <method signature="ValidatecomplexJson.getCourseTitleAndPrice()[pri:4, instance:apiTest.ValidatecomplexJson@55cb6996]" name="getCourseTitleAndPrice" class="apiTest.ValidatecomplexJson"/>
        <method signature="ValidatecomplexJson.getNumOfCopiesSoldRPA()[pri:5, instance:apiTest.ValidatecomplexJson@55cb6996]" name="getNumOfCopiesSoldRPA" class="apiTest.ValidatecomplexJson"/>
        <method signature="ValidatecomplexJson.getPurchaseAmount()[pri:2, instance:apiTest.ValidatecomplexJson@55cb6996]" name="getPurchaseAmount" class="apiTest.ValidatecomplexJson"/>
        <method signature="ValidatecomplexJson.getTitleOfFirstCourse()[pri:3, instance:apiTest.ValidatecomplexJson@55cb6996]" name="getTitleOfFirstCourse" class="apiTest.ValidatecomplexJson"/>
        <method signature="ValidatecomplexJson.sumOfAllCoursePriceWithPurchseAmount()[pri:6, instance:apiTest.ValidatecomplexJson@55cb6996]" name="sumOfAllCoursePriceWithPurchseAmount" class="apiTest.ValidatecomplexJson"/>
      </group> <!-- complex -->
      <group name="hashmap">
        <method signature="ValidateAddApiUsingExcel.verifyAddAPIUsingHashMap()[pri:0, instance:apiTest.ValidateAddApiUsingExcel@4722ef0c]" name="verifyAddAPIUsingHashMap" class="apiTest.ValidateAddApiUsingExcel"/>
      </group> <!-- hashmap -->
    </groups>
    <test name="Test" duration-ms="12159" started-at="2021-06-01T17:25:41 IST" finished-at="2021-06-01T17:25:53 IST">
      <class name="apiTest.ValidateAddApiUsingTextFile">
        <test-method status="PASS" signature="verifyAddAPIUsingTextFile()[pri:0, instance:apiTest.ValidateAddApiUsingTextFile@48e1f6c7]" name="verifyAddAPIUsingTextFile" duration-ms="3898" started-at="2021-06-01T17:25:41 IST" finished-at="2021-06-01T17:25:45 IST">
          <reporter-output>
          </reporter-output>
        </test-method> <!-- verifyAddAPIUsingTextFile -->
      </class> <!-- apiTest.ValidateAddApiUsingTextFile -->
      <class name="apiTest.ValidatecomplexJson">
        <test-method status="PASS" signature="getCountOfCourses()[pri:1, instance:apiTest.ValidatecomplexJson@55cb6996]" name="getCountOfCourses" duration-ms="1672" started-at="2021-06-01T17:25:41 IST" finished-at="2021-06-01T17:25:42 IST">
          <reporter-output>
          </reporter-output>
        </test-method> <!-- getCountOfCourses -->
        <test-method status="PASS" signature="getPurchaseAmount()[pri:2, instance:apiTest.ValidatecomplexJson@55cb6996]" name="getPurchaseAmount" duration-ms="30" started-at="2021-06-01T17:25:42 IST" finished-at="2021-06-01T17:25:42 IST">
          <reporter-output>
          </reporter-output>
        </test-method> <!-- getPurchaseAmount -->
        <test-method status="PASS" signature="getTitleOfFirstCourse()[pri:3, instance:apiTest.ValidatecomplexJson@55cb6996]" name="getTitleOfFirstCourse" duration-ms="74" started-at="2021-06-01T17:25:42 IST" finished-at="2021-06-01T17:25:42 IST">
          <reporter-output>
          </reporter-output>
        </test-method> <!-- getTitleOfFirstCourse -->
        <test-method status="PASS" signature="getCourseTitleAndPrice()[pri:4, instance:apiTest.ValidatecomplexJson@55cb6996]" name="getCourseTitleAndPrice" duration-ms="132" started-at="2021-06-01T17:25:42 IST" finished-at="2021-06-01T17:25:43 IST">
          <reporter-output>
          </reporter-output>
        </test-method> <!-- getCourseTitleAndPrice -->
        <test-method status="PASS" signature="getNumOfCopiesSoldRPA()[pri:5, instance:apiTest.ValidatecomplexJson@55cb6996]" name="getNumOfCopiesSoldRPA" duration-ms="55" started-at="2021-06-01T17:25:43 IST" finished-at="2021-06-01T17:25:43 IST">
          <reporter-output>
          </reporter-output>
        </test-method> <!-- getNumOfCopiesSoldRPA -->
        <test-method status="PASS" signature="sumOfAllCoursePriceWithPurchseAmount()[pri:6, instance:apiTest.ValidatecomplexJson@55cb6996]" name="sumOfAllCoursePriceWithPurchseAmount" duration-ms="185" started-at="2021-06-01T17:25:43 IST" finished-at="2021-06-01T17:25:43 IST">
          <reporter-output>
          </reporter-output>
        </test-method> <!-- sumOfAllCoursePriceWithPurchseAmount -->
      </class> <!-- apiTest.ValidatecomplexJson -->
      <class name="apiTest.ValidateAddUpdateGetDeleteAPI">
        <test-method status="PASS" signature="addPlaceUsingJsonFile()[pri:1, instance:apiTest.ValidateAddUpdateGetDeleteAPI@338fc1d8]" name="addPlaceUsingJsonFile" duration-ms="3872" started-at="2021-06-01T17:25:41 IST" finished-at="2021-06-01T17:25:45 IST">
          <reporter-output>
          </reporter-output>
        </test-method> <!-- addPlaceUsingJsonFile -->
        <test-method status="PASS" signature="deleteNonExistPlace()[pri:4, instance:apiTest.ValidateAddUpdateGetDeleteAPI@338fc1d8]" name="deleteNonExistPlace" duration-ms="3143" started-at="2021-06-01T17:25:45 IST" finished-at="2021-06-01T17:25:48 IST">
          <reporter-output>
          </reporter-output>
        </test-method> <!-- deleteNonExistPlace -->
        <test-method status="PASS" signature="updatePlaceApi()[pri:2, instance:apiTest.ValidateAddUpdateGetDeleteAPI@338fc1d8]" name="updatePlaceApi" duration-ms="3011" started-at="2021-06-01T17:25:48 IST" depends-on-methods="apiTest.ValidateAddUpdateGetDeleteAPI.addPlaceUsingJsonFile" finished-at="2021-06-01T17:25:51 IST">
          <reporter-output>
          </reporter-output>
        </test-method> <!-- updatePlaceApi -->
        <test-method status="FAIL" signature="getUpdatedAddress()[pri:3, instance:apiTest.ValidateAddUpdateGetDeleteAPI@338fc1d8]" name="getUpdatedAddress" duration-ms="2079" started-at="2021-06-01T17:25:51 IST" depends-on-methods="apiTest.ValidateAddUpdateGetDeleteAPI.updatePlaceApi" finished-at="2021-06-01T17:25:53 IST">
          <exception class="java.lang.AssertionError">
            <full-stacktrace>
              <![CDATA[java.lang.AssertionError
at org.junit.Assert.fail(Assert.java:87)
at org.junit.Assert.assertTrue(Assert.java:42)
at org.junit.Assert.assertTrue(Assert.java:53)
at apiTest.ValidateAddUpdateGetDeleteAPI.getUpdatedAddress(ValidateAddUpdateGetDeleteAPI.java:60)
at sun.reflect.NativeMethodAccessorImpl.invoke0(Native Method)
at sun.reflect.NativeMethodAccessorImpl.invoke(NativeMethodAccessorImpl.java:62)
at sun.reflect.DelegatingMethodAccessorImpl.invoke(DelegatingMethodAccessorImpl.java:43)
at java.lang.reflect.Method.invoke(Method.java:498)
at org.testng.internal.MethodInvocationHelper.invokeMethod(MethodInvocationHelper.java:133)
at org.testng.internal.TestInvoker.invokeMethod(TestInvoker.java:598)
at org.testng.internal.TestInvoker.invokeTestMethod(TestInvoker.java:173)
at org.testng.internal.MethodRunner.runInSequence(MethodRunner.java:46)
at org.testng.internal.TestInvoker$MethodInvocationAgent.invoke(TestInvoker.java:824)
at org.testng.internal.TestInvoker.invokeTestMethods(TestInvoker.java:146)
at org.testng.internal.TestMethodWorker.invokeTestMethods(TestMethodWorker.java:146)
at org.testng.internal.TestMethodWorker.run(TestMethodWorker.java:128)
at java.util.concurrent.ThreadPoolExecutor.runWorker(ThreadPoolExecutor.java:1149)
at java.util.concurrent.ThreadPoolExecutor$Worker.run(ThreadPoolExecutor.java:624)
at java.lang.Thread.run(Thread.java:748)
]]>
            </full-stacktrace>
          </exception> <!-- java.lang.AssertionError -->
          <reporter-output>
          </reporter-output>
        </test-method> <!-- getUpdatedAddress -->
        <test-method status="SKIP" signature="deleteplace()[pri:5, instance:apiTest.ValidateAddUpdateGetDeleteAPI@338fc1d8]" name="deleteplace" duration-ms="0" started-at="2021-06-01T17:25:53 IST" depends-on-methods="apiTest.ValidateAddUpdateGetDeleteAPI.getUpdatedAddress" finished-at="2021-06-01T17:25:53 IST">
          <exception class="java.lang.Throwable">
            <message>
              <![CDATA[Method ValidateAddUpdateGetDeleteAPI.deleteplace()[pri:5, instance:apiTest.ValidateAddUpdateGetDeleteAPI@338fc1d8] depends on not successfully finished methods]]>
            </message>
            <full-stacktrace>
              <![CDATA[java.lang.Throwable: Method ValidateAddUpdateGetDeleteAPI.deleteplace()[pri:5, instance:apiTest.ValidateAddUpdateGetDeleteAPI@338fc1d8] depends on not successfully finished methods
at org.testng.internal.TestInvoker.invokeTestMethods(TestInvoker.java:102)
at org.testng.internal.TestMethodWorker.invokeTestMethods(TestMethodWorker.java:146)
at org.testng.internal.TestMethodWorker.run(TestMethodWorker.java:128)
at java.util.concurrent.ThreadPoolExecutor.runWorker(ThreadPoolExecutor.java:1149)
at java.util.concurrent.ThreadPoolExecutor$Worker.run(ThreadPoolExecutor.java:624)
at java.lang.Thread.run(Thread.java:748)
]]>
            </full-stacktrace>
          </exception> <!-- java.lang.Throwable -->
          <reporter-output>
          </reporter-output>
        </test-method> <!-- deleteplace -->
      </class> <!-- apiTest.ValidateAddUpdateGetDeleteAPI -->
      <class name="apiTest.GoogleLocationPayload">
        <test-method status="PASS" signature="addplacePayload()[pri:1, instance:apiTest.GoogleLocationPayload@eadd4fb]" name="addplacePayload" duration-ms="3827" started-at="2021-06-01T17:25:41 IST" finished-at="2021-06-01T17:25:44 IST">
          <reporter-output>
          </reporter-output>
        </test-method> <!-- addplacePayload -->
        <test-method status="PASS" signature="validateAddplaceResponse()[pri:2, instance:apiTest.GoogleLocationPayload@eadd4fb]" name="validateAddplaceResponse" duration-ms="87" started-at="2021-06-01T17:25:44 IST" finished-at="2021-06-01T17:25:45 IST">
          <reporter-output>
          </reporter-output>
        </test-method> <!-- validateAddplaceResponse -->
        <test-method status="PASS" signature="verifyGetplaceWithValidPlaceID()[pri:3, instance:apiTest.GoogleLocationPayload@eadd4fb]" name="verifyGetplaceWithValidPlaceID" duration-ms="3119" started-at="2021-06-01T17:25:45 IST" finished-at="2021-06-01T17:25:48 IST">
          <reporter-output>
          </reporter-output>
        </test-method> <!-- verifyGetplaceWithValidPlaceID -->
        <test-method status="PASS" signature="verifyGetplaceWithInvalidPlaceID()[pri:4, instance:apiTest.GoogleLocationPayload@eadd4fb]" name="verifyGetplaceWithInvalidPlaceID" duration-ms="2543" started-at="2021-06-01T17:25:48 IST" finished-at="2021-06-01T17:25:50 IST">
          <reporter-output>
          </reporter-output>
        </test-method> <!-- verifyGetplaceWithInvalidPlaceID -->
      </class> <!-- apiTest.GoogleLocationPayload -->
      <class name="apiTest.ValidateAddApiUsingExcel">
        <test-method status="PASS" signature="verifyAddAPIUsingExcel()[pri:0, instance:apiTest.ValidateAddApiUsingExcel@4722ef0c]" name="verifyAddAPIUsingExcel" duration-ms="3880" started-at="2021-06-01T17:25:41 IST" finished-at="2021-06-01T17:25:45 IST">
          <reporter-output>
          </reporter-output>
        </test-method> <!-- verifyAddAPIUsingExcel -->
        <test-method status="PASS" signature="verifyAddAPIUsingHashMap()[pri:0, instance:apiTest.ValidateAddApiUsingExcel@4722ef0c]" name="verifyAddAPIUsingHashMap" duration-ms="1017" started-at="2021-06-01T17:25:45 IST" finished-at="2021-06-01T17:25:46 IST">
          <reporter-output>
          </reporter-output>
        </test-method> <!-- verifyAddAPIUsingHashMap -->
      </class> <!-- apiTest.ValidateAddApiUsingExcel -->
    </test> <!-- Test -->
  </suite> <!-- Suite -->
</testng-results>
