-------------------------------------------------------------------------------
Test set: TestSuite
-------------------------------------------------------------------------------
Tests run: 18, Failures: 1, Errors: 0, Skipped: 1, Time elapsed: 23.808 s <<< FAILURE! - in TestSuite
getUpdatedAddress(apiTest.ValidateAddUpdateGetDeleteAPI)  Time elapsed: 2.245 s  <<< FAILURE!
java.lang.AssertionError
	at apiTest.ValidateAddUpdateGetDeleteAPI.getUpdatedAddress(ValidateAddUpdateGetDeleteAPI.java:60)

