<?xml version="1.0" encoding="UTF-8"?>
<testng-results ignored="0" total="5" passed="5" failed="0" skipped="0">
  <reporter-output>
  </reporter-output>
  <suite started-at="2021-06-01T12:53:20 IST" name="Default suite" finished-at="2021-06-01T12:53:23 IST" duration-ms="2780">
    <groups>
    </groups>
    <test started-at="2021-06-01T12:53:20 IST" name="Default test" finished-at="2021-06-01T12:53:23 IST" duration-ms="2780">
      <class name="apiTest.ValidatecomplexJson">
        <test-method signature="getCountOfCourses()[pri:1, instance:apiTest.ValidatecomplexJson@52102734]" started-at="2021-06-01T12:53:20 IST" name="getCountOfCourses" finished-at="2021-06-01T12:53:22 IST" duration-ms="2430" status="PASS">
          <reporter-output>
          </reporter-output>
        </test-method> <!-- getCountOfCourses -->
        <test-method signature="getPurchaseAmount()[pri:2, instance:apiTest.ValidatecomplexJson@52102734]" started-at="2021-06-01T12:53:22 IST" name="getPurchaseAmount" finished-at="2021-06-01T12:53:22 IST" duration-ms="27" status="PASS">
          <reporter-output>
          </reporter-output>
        </test-method> <!-- getPurchaseAmount -->
        <test-method signature="getTitleOfFirstCourse()[pri:3, instance:apiTest.ValidatecomplexJson@52102734]" started-at="2021-06-01T12:53:22 IST" name="getTitleOfFirstCourse" finished-at="2021-06-01T12:53:22 IST" duration-ms="81" status="PASS">
          <reporter-output>
          </reporter-output>
        </test-method> <!-- getTitleOfFirstCourse -->
        <test-method signature="getCourseTitleAndPrice()[pri:4, instance:apiTest.ValidatecomplexJson@52102734]" started-at="2021-06-01T12:53:22 IST" name="getCourseTitleAndPrice" finished-at="2021-06-01T12:53:23 IST" duration-ms="130" status="PASS">
          <reporter-output>
          </reporter-output>
        </test-method> <!-- getCourseTitleAndPrice -->
        <test-method signature="getNumOfCopiesSoldRPA()[pri:5, instance:apiTest.ValidatecomplexJson@52102734]" started-at="2021-06-01T12:53:23 IST" name="getNumOfCopiesSoldRPA" finished-at="2021-06-01T12:53:23 IST" duration-ms="54" status="PASS">
          <reporter-output>
          </reporter-output>
        </test-method> <!-- getNumOfCopiesSoldRPA -->
      </class> <!-- apiTest.ValidatecomplexJson -->
    </test> <!-- Default test -->
  </suite> <!-- Default suite -->
</testng-results>
